<?xml version="1.0" encoding="UTF-8"?>
<!-- Generated by org.testng.reporters.JUnitReportReporter -->
<testsuite hostname="09196586-Atinder" failures="0" tests="1" name="com.firebaseapp.tests.HomePageTests" time="5.658" errors="0" timestamp="13 Aug 2020 06:02:05 GMT" skipped="0">
  <testcase classname="com.firebaseapp.tests.HomePageTests" name="homePageElementsExistenceTest" time="5.658"/>
</testsuite> <!-- com.firebaseapp.tests.HomePageTests -->
