<?xml version="1.0" encoding="UTF-8"?>
<!-- Generated by org.testng.reporters.JUnitReportReporter -->
<testsuite hostname="09196586-Atinder" failures="0" tests="1" name="com.firebaseapp.tests.ApiKeyTests" time="6.918" errors="0" timestamp="13 Aug 2020 06:02:05 GMT" skipped="0">
  <testcase classname="com.firebaseapp.tests.ApiKeyTests" name="showKeyTest" time="6.918"/>
</testsuite> <!-- com.firebaseapp.tests.ApiKeyTests -->
