<?xml version="1.0" encoding="UTF-8"?>
<!-- Generated by org.testng.reporters.JUnitReportReporter -->
<testsuite hostname="09196586-Atinder" failures="0" tests="2" name="com.firebaseapp.tests.LoginTests" time="13.627" errors="0" timestamp="13 Aug 2020 06:02:05 GMT" skipped="0">
  <testcase classname="com.firebaseapp.tests.LoginTests" name="loginTest" time="6.380"/>
  <testcase classname="com.firebaseapp.tests.LoginTests" name="logoutTest" time="7.247"/>
</testsuite> <!-- com.firebaseapp.tests.LoginTests -->
