<?xml version="1.0" encoding="UTF-8"?>
<!-- Generated by org.testng.reporters.JUnitReportReporter -->
<testsuite hostname="09196586-Atinder" failures="0" tests="5" name="com.firebaseapp.tests.DashboardTests" time="33.416" errors="0" timestamp="13 Aug 2020 06:02:05 GMT" skipped="0">
  <testcase classname="com.firebaseapp.tests.DashboardTests" name="analyticsLinkTest" time="6.931"/>
  <testcase classname="com.firebaseapp.tests.DashboardTests" name="allUsersLinkTest" time="7.191"/>
  <testcase classname="com.firebaseapp.tests.DashboardTests" name="automationLinkTest" time="6.427"/>
  <testcase classname="com.firebaseapp.tests.DashboardTests" name="projectLinkTest" time="6.404"/>
  <testcase classname="com.firebaseapp.tests.DashboardTests" name="userManagementLinkTest" time="6.463"/>
</testsuite> <!-- com.firebaseapp.tests.DashboardTests -->
